Running: C:\Xilinx\14.7\ISE_DS\ISE\bin\nt64\unwrapped\fuse.exe -intstyle ise -incremental -o C:/Users/usuario pc/Desktop/LORE/Nueva carpeta/procesadormonocicloLDS/test_Sumador_isim_beh.exe -prj C:/Users/usuario pc/Desktop/LORE/Nueva carpeta/procesadormonocicloLDS/test_Sumador_beh.prj work.test_Sumador 
ISim P.20131013 (signature 0x7708f090)
Number of CPUs detected in this system: 4
Turning on mult-threading, number of parallel sub-compilation jobs: 8 
Determining compilation order of HDL files
Parsing VHDL file "C:/Users/usuario pc/Desktop/LORE/Nueva carpeta/procesadormonocicloLDS/IM.vhd" into library work
Parsing VHDL file "C:/Users/usuario pc/Desktop/LORE/Nueva carpeta/procesadormonocicloLDS/test_Sumador.vhd" into library work
Starting static elaboration
Completed static elaboration
Compiling package standard
Compiling package std_logic_1164
Compiling package std_logic_arith
Compiling package std_logic_unsigned
Compiling architecture behavioral of entity Sumador [sumador_default]
Compiling architecture behavior of entity test_sumador
Time Resolution for simulation is 1ps.
Waiting for 1 sub-compilation(s) to finish...
Compiled 7 VHDL Units
Built simulation executable C:/Users/usuario pc/Desktop/LORE/Nueva carpeta/procesadormonocicloLDS/test_Sumador_isim_beh.exe
Fuse Memory Usage: 31884 KB
Fuse CPU Usage: 1015 ms
